Classic Timing Analyzer report for Sequence_Recognizer
Sat Nov 26 00:14:41 2016
Quartus II Version 9.1 Build 350 03/24/2010 Service Pack 2 SJ Web Edition


---------------------
; Table of Contents ;
---------------------
  1. Legal Notice
  2. Timing Analyzer Summary
  3. Timing Analyzer Settings
  4. Clock Settings Summary
  5. Parallel Compilation
  6. Clock Setup: 'CLOCK'
  7. tsu
  8. tco
  9. th
 10. Timing Analyzer Messages



----------------
; Legal Notice ;
----------------
Copyright (C) 1991-2010 Altera Corporation
Your use of Altera Corporation's design tools, logic functions 
and other software and tools, and its AMPP partner logic 
functions, and any output files from any of the foregoing 
(including device programming or simulation files), and any 
associated documentation or information are expressly subject 
to the terms and conditions of the Altera Program License 
Subscription Agreement, Altera MegaCore Function License 
Agreement, or other applicable license agreement, including, 
without limitation, that your use is for the sole purpose of 
programming logic devices manufactured by Altera and sold by 
Altera or its authorized distributors.  Please refer to the 
applicable agreement for further details.



+----------------------------------------------------------------------------------------------------------------------------------------------------------------------------+
; Timing Analyzer Summary                                                                                                                                                    ;
+------------------------------+-------+---------------+------------------------------------------------+--------------+--------------+------------+----------+--------------+
; Type                         ; Slack ; Required Time ; Actual Time                                    ; From         ; To           ; From Clock ; To Clock ; Failed Paths ;
+------------------------------+-------+---------------+------------------------------------------------+--------------+--------------+------------+----------+--------------+
; Worst-case tsu               ; N/A   ; None          ; 3.467 ns                                       ; X            ; Q1~DUPLICATE ; --         ; CLOCK    ; 0            ;
; Worst-case tco               ; N/A   ; None          ; 6.616 ns                                       ; Q3~DUPLICATE ; Q3_STATE     ; CLOCK      ; --       ; 0            ;
; Worst-case th                ; N/A   ; None          ; -3.129 ns                                      ; X            ; Q2           ; --         ; CLOCK    ; 0            ;
; Clock Setup: 'CLOCK'         ; N/A   ; None          ; Restricted to 500.00 MHz ( period = 2.000 ns ) ; Q1           ; Q2           ; CLOCK      ; CLOCK    ; 0            ;
; Total number of failed paths ;       ;               ;                                                ;              ;              ;            ;          ; 0            ;
+------------------------------+-------+---------------+------------------------------------------------+--------------+--------------+------------+----------+--------------+


+-----------------------------------------------------------------------------------------------------------------------------------------------------+
; Timing Analyzer Settings                                                                                                                            ;
+------------------------------------------------------------------------------------------------------+--------------------+------+----+-------------+
; Option                                                                                               ; Setting            ; From ; To ; Entity Name ;
+------------------------------------------------------------------------------------------------------+--------------------+------+----+-------------+
; Device Name                                                                                          ; EP2S15F484C3       ;      ;    ;             ;
; Timing Models                                                                                        ; Final              ;      ;    ;             ;
; Default hold multicycle                                                                              ; Same as Multicycle ;      ;    ;             ;
; Cut paths between unrelated clock domains                                                            ; On                 ;      ;    ;             ;
; Cut off read during write signal paths                                                               ; On                 ;      ;    ;             ;
; Cut off feedback from I/O pins                                                                       ; On                 ;      ;    ;             ;
; Report Combined Fast/Slow Timing                                                                     ; Off                ;      ;    ;             ;
; Ignore Clock Settings                                                                                ; Off                ;      ;    ;             ;
; Analyze latches as synchronous elements                                                              ; On                 ;      ;    ;             ;
; Enable Recovery/Removal analysis                                                                     ; Off                ;      ;    ;             ;
; Enable Clock Latency                                                                                 ; Off                ;      ;    ;             ;
; Use TimeQuest Timing Analyzer                                                                        ; Off                ;      ;    ;             ;
; Number of source nodes to report per destination node                                                ; 10                 ;      ;    ;             ;
; Number of destination nodes to report                                                                ; 10                 ;      ;    ;             ;
; Number of paths to report                                                                            ; 200                ;      ;    ;             ;
; Report Minimum Timing Checks                                                                         ; Off                ;      ;    ;             ;
; Use Fast Timing Models                                                                               ; Off                ;      ;    ;             ;
; Report IO Paths Separately                                                                           ; Off                ;      ;    ;             ;
; Perform Multicorner Analysis                                                                         ; On                 ;      ;    ;             ;
; Reports the worst-case path for each clock domain and analysis                                       ; Off                ;      ;    ;             ;
; Reports worst-case timing paths for each clock domain and analysis                                   ; Off                ;      ;    ;             ;
; Specifies the maximum number of worst-case timing paths to report for each clock domain and analysis ; 100                ;      ;    ;             ;
; Removes common clock path pessimism (CCPP) during slack computation                                  ; Off                ;      ;    ;             ;
; Output I/O Timing Endpoint                                                                           ; Near End           ;      ;    ;             ;
+------------------------------------------------------------------------------------------------------+--------------------+------+----+-------------+


+------------------------------------------------------------------------------------------------------------------------------------------------------------------------------------+
; Clock Settings Summary                                                                                                                                                             ;
+-----------------+--------------------+----------+------------------+---------------+--------------+----------+-----------------------+---------------------+--------+--------------+
; Clock Node Name ; Clock Setting Name ; Type     ; Fmax Requirement ; Early Latency ; Late Latency ; Based on ; Multiply Base Fmax by ; Divide Base Fmax by ; Offset ; Phase offset ;
+-----------------+--------------------+----------+------------------+---------------+--------------+----------+-----------------------+---------------------+--------+--------------+
; CLOCK           ;                    ; User Pin ; None             ; 0.000 ns      ; 0.000 ns     ; --       ; N/A                   ; N/A                 ; N/A    ;              ;
+-----------------+--------------------+----------+------------------+---------------+--------------+----------+-----------------------+---------------------+--------+--------------+


Parallel compilation was disabled, but you have multiple processors available. Enable parallel compilation to reduce compilation time.
+-------------------------------------+
; Parallel Compilation                ;
+----------------------------+--------+
; Processors                 ; Number ;
+----------------------------+--------+
; Number detected on machine ; 2      ;
; Maximum allowed            ; 1      ;
+----------------------------+--------+


+--------------------------------------------------------------------------------------------------------------------------------------------------------------------------------------------------+
; Clock Setup: 'CLOCK'                                                                                                                                                                             ;
+-------+------------------------------------------------+--------------+--------------+------------+----------+-----------------------------+---------------------------+-------------------------+
; Slack ; Actual fmax (period)                           ; From         ; To           ; From Clock ; To Clock ; Required Setup Relationship ; Required Longest P2P Time ; Actual Longest P2P Time ;
+-------+------------------------------------------------+--------------+--------------+------------+----------+-----------------------------+---------------------------+-------------------------+
; N/A   ; Restricted to 500.00 MHz ( period = 2.000 ns ) ; Q1           ; Q2           ; CLOCK      ; CLOCK    ; None                        ; None                      ; 0.676 ns                ;
; N/A   ; Restricted to 500.00 MHz ( period = 2.000 ns ) ; Q1~DUPLICATE ; Q3           ; CLOCK      ; CLOCK    ; None                        ; None                      ; 0.667 ns                ;
; N/A   ; Restricted to 500.00 MHz ( period = 2.000 ns ) ; Q1~DUPLICATE ; Q3~DUPLICATE ; CLOCK      ; CLOCK    ; None                        ; None                      ; 0.667 ns                ;
; N/A   ; Restricted to 500.00 MHz ( period = 2.000 ns ) ; Q3           ; Q1~DUPLICATE ; CLOCK      ; CLOCK    ; None                        ; None                      ; 0.526 ns                ;
; N/A   ; Restricted to 500.00 MHz ( period = 2.000 ns ) ; Q3           ; Q1           ; CLOCK      ; CLOCK    ; None                        ; None                      ; 0.525 ns                ;
; N/A   ; Restricted to 500.00 MHz ( period = 2.000 ns ) ; Q2           ; Q3           ; CLOCK      ; CLOCK    ; None                        ; None                      ; 0.448 ns                ;
; N/A   ; Restricted to 500.00 MHz ( period = 2.000 ns ) ; Q2           ; Q3~DUPLICATE ; CLOCK      ; CLOCK    ; None                        ; None                      ; 0.447 ns                ;
; N/A   ; Restricted to 500.00 MHz ( period = 2.000 ns ) ; Q2           ; Q1           ; CLOCK      ; CLOCK    ; None                        ; None                      ; 0.441 ns                ;
; N/A   ; Restricted to 500.00 MHz ( period = 2.000 ns ) ; Q2           ; Q1~DUPLICATE ; CLOCK      ; CLOCK    ; None                        ; None                      ; 0.440 ns                ;
; N/A   ; Restricted to 500.00 MHz ( period = 2.000 ns ) ; Q3~DUPLICATE ; Q2           ; CLOCK      ; CLOCK    ; None                        ; None                      ; 0.419 ns                ;
; N/A   ; Restricted to 500.00 MHz ( period = 2.000 ns ) ; Q3           ; Q3           ; CLOCK      ; CLOCK    ; None                        ; None                      ; 0.396 ns                ;
; N/A   ; Restricted to 500.00 MHz ( period = 2.000 ns ) ; Q2           ; Q2           ; CLOCK      ; CLOCK    ; None                        ; None                      ; 0.396 ns                ;
; N/A   ; Restricted to 500.00 MHz ( period = 2.000 ns ) ; Q3~DUPLICATE ; Q3~DUPLICATE ; CLOCK      ; CLOCK    ; None                        ; None                      ; 0.396 ns                ;
+-------+------------------------------------------------+--------------+--------------+------------+----------+-----------------------------+---------------------------+-------------------------+


+--------------------------------------------------------------------+
; tsu                                                                ;
+-------+--------------+------------+------+--------------+----------+
; Slack ; Required tsu ; Actual tsu ; From ; To           ; To Clock ;
+-------+--------------+------------+------+--------------+----------+
; N/A   ; None         ; 3.467 ns   ; X    ; Q1           ; CLOCK    ;
; N/A   ; None         ; 3.467 ns   ; X    ; Q1~DUPLICATE ; CLOCK    ;
; N/A   ; None         ; 3.463 ns   ; X    ; Q3           ; CLOCK    ;
; N/A   ; None         ; 3.463 ns   ; X    ; Q3~DUPLICATE ; CLOCK    ;
; N/A   ; None         ; 3.368 ns   ; X    ; Q2           ; CLOCK    ;
+-------+--------------+------------+------+--------------+----------+


+--------------------------------------------------------------------------+
; tco                                                                      ;
+-------+--------------+------------+--------------+----------+------------+
; Slack ; Required tco ; Actual tco ; From         ; To       ; From Clock ;
+-------+--------------+------------+--------------+----------+------------+
; N/A   ; None         ; 6.616 ns   ; Q3~DUPLICATE ; Q3_STATE ; CLOCK      ;
; N/A   ; None         ; 5.966 ns   ; Q1           ; Y        ; CLOCK      ;
; N/A   ; None         ; 5.384 ns   ; Q1           ; Q1_STATE ; CLOCK      ;
; N/A   ; None         ; 5.154 ns   ; Q2           ; Q2_STATE ; CLOCK      ;
+-------+--------------+------------+--------------+----------+------------+


+--------------------------------------------------------------------------+
; th                                                                       ;
+---------------+-------------+-----------+------+--------------+----------+
; Minimum Slack ; Required th ; Actual th ; From ; To           ; To Clock ;
+---------------+-------------+-----------+------+--------------+----------+
; N/A           ; None        ; -3.129 ns ; X    ; Q2           ; CLOCK    ;
; N/A           ; None        ; -3.224 ns ; X    ; Q3           ; CLOCK    ;
; N/A           ; None        ; -3.224 ns ; X    ; Q3~DUPLICATE ; CLOCK    ;
; N/A           ; None        ; -3.228 ns ; X    ; Q1           ; CLOCK    ;
; N/A           ; None        ; -3.228 ns ; X    ; Q1~DUPLICATE ; CLOCK    ;
+---------------+-------------+-----------+------+--------------+----------+


+--------------------------+
; Timing Analyzer Messages ;
+--------------------------+
Info: *******************************************************************
Info: Running Quartus II Classic Timing Analyzer
    Info: Version 9.1 Build 350 03/24/2010 Service Pack 2 SJ Web Edition
    Info: Processing started: Sat Nov 26 00:14:41 2016
Info: Command: quartus_tan --read_settings_files=off --write_settings_files=off Sequence_Recognizer -c Sequence_Recognizer --timing_analysis_only
Warning: Found pins functioning as undefined clocks and/or memory enables
    Info: Assuming node "CLOCK" is an undefined clock
Info: Clock "CLOCK" Internal fmax is restricted to 500.0 MHz between source register "Q1" and destination register "Q2"
    Info: fmax restricted to clock pin edge rate 2.0 ns. Expand message to see actual delay path.
        Info: + Longest register to register delay is 0.676 ns
            Info: 1: + IC(0.000 ns) + CELL(0.000 ns) = 0.000 ns; Loc. = LCFF_X34_Y23_N17; Fanout = 3; REG Node = 'Q1'
            Info: 2: + IC(0.249 ns) + CELL(0.272 ns) = 0.521 ns; Loc. = LCCOMB_X34_Y23_N20; Fanout = 1; COMB Node = 'inst7'
            Info: 3: + IC(0.000 ns) + CELL(0.155 ns) = 0.676 ns; Loc. = LCFF_X34_Y23_N21; Fanout = 6; REG Node = 'Q2'
            Info: Total cell delay = 0.427 ns ( 63.17 % )
            Info: Total interconnect delay = 0.249 ns ( 36.83 % )
        Info: - Smallest clock skew is 0.000 ns
            Info: + Shortest clock path from clock "CLOCK" to destination register is 2.496 ns
                Info: 1: + IC(0.000 ns) + CELL(0.854 ns) = 0.854 ns; Loc. = PIN_N20; Fanout = 1; CLK Node = 'CLOCK'
                Info: 2: + IC(0.343 ns) + CELL(0.000 ns) = 1.197 ns; Loc. = CLKCTRL_G3; Fanout = 5; COMB Node = 'CLOCK~clkctrl'
                Info: 3: + IC(0.681 ns) + CELL(0.618 ns) = 2.496 ns; Loc. = LCFF_X34_Y23_N21; Fanout = 6; REG Node = 'Q2'
                Info: Total cell delay = 1.472 ns ( 58.97 % )
                Info: Total interconnect delay = 1.024 ns ( 41.03 % )
            Info: - Longest clock path from clock "CLOCK" to source register is 2.496 ns
                Info: 1: + IC(0.000 ns) + CELL(0.854 ns) = 0.854 ns; Loc. = PIN_N20; Fanout = 1; CLK Node = 'CLOCK'
                Info: 2: + IC(0.343 ns) + CELL(0.000 ns) = 1.197 ns; Loc. = CLKCTRL_G3; Fanout = 5; COMB Node = 'CLOCK~clkctrl'
                Info: 3: + IC(0.681 ns) + CELL(0.618 ns) = 2.496 ns; Loc. = LCFF_X34_Y23_N17; Fanout = 3; REG Node = 'Q1'
                Info: Total cell delay = 1.472 ns ( 58.97 % )
                Info: Total interconnect delay = 1.024 ns ( 41.03 % )
        Info: + Micro clock to output delay of source is 0.094 ns
        Info: + Micro setup delay of destination is 0.090 ns
Info: tsu for register "Q1" (data pin = "X", clock pin = "CLOCK") is 3.467 ns
    Info: + Longest pin to register delay is 5.873 ns
        Info: 1: + IC(0.000 ns) + CELL(0.817 ns) = 0.817 ns; Loc. = PIN_U8; Fanout = 5; PIN Node = 'X'
        Info: 2: + IC(4.544 ns) + CELL(0.357 ns) = 5.718 ns; Loc. = LCCOMB_X34_Y23_N16; Fanout = 1; COMB Node = 'inst'
        Info: 3: + IC(0.000 ns) + CELL(0.155 ns) = 5.873 ns; Loc. = LCFF_X34_Y23_N17; Fanout = 3; REG Node = 'Q1'
        Info: Total cell delay = 1.329 ns ( 22.63 % )
        Info: Total interconnect delay = 4.544 ns ( 77.37 % )
    Info: + Micro setup delay of destination is 0.090 ns
    Info: - Shortest clock path from clock "CLOCK" to destination register is 2.496 ns
        Info: 1: + IC(0.000 ns) + CELL(0.854 ns) = 0.854 ns; Loc. = PIN_N20; Fanout = 1; CLK Node = 'CLOCK'
        Info: 2: + IC(0.343 ns) + CELL(0.000 ns) = 1.197 ns; Loc. = CLKCTRL_G3; Fanout = 5; COMB Node = 'CLOCK~clkctrl'
        Info: 3: + IC(0.681 ns) + CELL(0.618 ns) = 2.496 ns; Loc. = LCFF_X34_Y23_N17; Fanout = 3; REG Node = 'Q1'
        Info: Total cell delay = 1.472 ns ( 58.97 % )
        Info: Total interconnect delay = 1.024 ns ( 41.03 % )
Info: tco from clock "CLOCK" to destination pin "Q3_STATE" through register "Q3~DUPLICATE" is 6.616 ns
    Info: + Longest clock path from clock "CLOCK" to source register is 2.496 ns
        Info: 1: + IC(0.000 ns) + CELL(0.854 ns) = 0.854 ns; Loc. = PIN_N20; Fanout = 1; CLK Node = 'CLOCK'
        Info: 2: + IC(0.343 ns) + CELL(0.000 ns) = 1.197 ns; Loc. = CLKCTRL_G3; Fanout = 5; COMB Node = 'CLOCK~clkctrl'
        Info: 3: + IC(0.681 ns) + CELL(0.618 ns) = 2.496 ns; Loc. = LCFF_X34_Y23_N11; Fanout = 3; REG Node = 'Q3~DUPLICATE'
        Info: Total cell delay = 1.472 ns ( 58.97 % )
        Info: Total interconnect delay = 1.024 ns ( 41.03 % )
    Info: + Micro clock to output delay of source is 0.094 ns
    Info: + Longest register to pin delay is 4.026 ns
        Info: 1: + IC(0.000 ns) + CELL(0.000 ns) = 0.000 ns; Loc. = LCFF_X34_Y23_N11; Fanout = 3; REG Node = 'Q3~DUPLICATE'
        Info: 2: + IC(2.094 ns) + CELL(1.932 ns) = 4.026 ns; Loc. = PIN_R9; Fanout = 0; PIN Node = 'Q3_STATE'
        Info: Total cell delay = 1.932 ns ( 47.99 % )
        Info: Total interconnect delay = 2.094 ns ( 52.01 % )
Info: th for register "Q2" (data pin = "X", clock pin = "CLOCK") is -3.129 ns
    Info: + Longest clock path from clock "CLOCK" to destination register is 2.496 ns
        Info: 1: + IC(0.000 ns) + CELL(0.854 ns) = 0.854 ns; Loc. = PIN_N20; Fanout = 1; CLK Node = 'CLOCK'
        Info: 2: + IC(0.343 ns) + CELL(0.000 ns) = 1.197 ns; Loc. = CLKCTRL_G3; Fanout = 5; COMB Node = 'CLOCK~clkctrl'
        Info: 3: + IC(0.681 ns) + CELL(0.618 ns) = 2.496 ns; Loc. = LCFF_X34_Y23_N21; Fanout = 6; REG Node = 'Q2'
        Info: Total cell delay = 1.472 ns ( 58.97 % )
        Info: Total interconnect delay = 1.024 ns ( 41.03 % )
    Info: + Micro hold delay of destination is 0.149 ns
    Info: - Shortest pin to register delay is 5.774 ns
        Info: 1: + IC(0.000 ns) + CELL(0.817 ns) = 0.817 ns; Loc. = PIN_U8; Fanout = 5; PIN Node = 'X'
        Info: 2: + IC(4.530 ns) + CELL(0.272 ns) = 5.619 ns; Loc. = LCCOMB_X34_Y23_N20; Fanout = 1; COMB Node = 'inst7'
        Info: 3: + IC(0.000 ns) + CELL(0.155 ns) = 5.774 ns; Loc. = LCFF_X34_Y23_N21; Fanout = 6; REG Node = 'Q2'
        Info: Total cell delay = 1.244 ns ( 21.54 % )
        Info: Total interconnect delay = 4.530 ns ( 78.46 % )
Info: Quartus II Classic Timing Analyzer was successful. 0 errors, 1 warning
    Info: Peak virtual memory: 168 megabytes
    Info: Processing ended: Sat Nov 26 00:14:42 2016
    Info: Elapsed time: 00:00:01
    Info: Total CPU time (on all processors): 00:00:00


