Classic Timing Analyzer report for counter_with_sequence
Sun Dec 18 16:13:02 2016
Quartus II Version 9.1 Build 350 03/24/2010 Service Pack 2 SJ Web Edition


---------------------
; Table of Contents ;
---------------------
  1. Legal Notice
  2. Timing Analyzer Summary
  3. Timing Analyzer Settings
  4. Clock Settings Summary
  5. Parallel Compilation
  6. Clock Setup: 'CLOCK'
  7. tsu
  8. tco
  9. th
 10. Timing Analyzer Messages



----------------
; Legal Notice ;
----------------
Copyright (C) 1991-2010 Altera Corporation
Your use of Altera Corporation's design tools, logic functions 
and other software and tools, and its AMPP partner logic 
functions, and any output files from any of the foregoing 
(including device programming or simulation files), and any 
associated documentation or information are expressly subject 
to the terms and conditions of the Altera Program License 
Subscription Agreement, Altera MegaCore Function License 
Agreement, or other applicable license agreement, including, 
without limitation, that your use is for the sole purpose of 
programming logic devices manufactured by Altera and sold by 
Altera or its authorized distributors.  Please refer to the 
applicable agreement for further details.



+------------------------------------------------------------------------------------------------------------------------------------------------------------------------+
; Timing Analyzer Summary                                                                                                                                                ;
+------------------------------+-------+---------------+------------------------------------------------+-------+-----------------+------------+----------+--------------+
; Type                         ; Slack ; Required Time ; Actual Time                                    ; From  ; To              ; From Clock ; To Clock ; Failed Paths ;
+------------------------------+-------+---------------+------------------------------------------------+-------+-----------------+------------+----------+--------------+
; Worst-case tsu               ; N/A   ; None          ; 3.693 ns                                       ; TEST2 ; inst1           ; --         ; CLOCK    ; 0            ;
; Worst-case tco               ; N/A   ; None          ; 7.259 ns                                       ; inst1 ; DB              ; CLOCK      ; --       ; 0            ;
; Worst-case th                ; N/A   ; None          ; -2.385 ns                                      ; TEST1 ; inst            ; --         ; CLOCK    ; 0            ;
; Clock Setup: 'CLOCK'         ; N/A   ; None          ; Restricted to 500.00 MHz ( period = 2.000 ns ) ; inst  ; inst2~DUPLICATE ; CLOCK      ; CLOCK    ; 0            ;
; Total number of failed paths ;       ;               ;                                                ;       ;                 ;            ;          ; 0            ;
+------------------------------+-------+---------------+------------------------------------------------+-------+-----------------+------------+----------+--------------+


+-----------------------------------------------------------------------------------------------------------------------------------------------------+
; Timing Analyzer Settings                                                                                                                            ;
+------------------------------------------------------------------------------------------------------+--------------------+------+----+-------------+
; Option                                                                                               ; Setting            ; From ; To ; Entity Name ;
+------------------------------------------------------------------------------------------------------+--------------------+------+----+-------------+
; Device Name                                                                                          ; EP2S15F484C3       ;      ;    ;             ;
; Timing Models                                                                                        ; Final              ;      ;    ;             ;
; Default hold multicycle                                                                              ; Same as Multicycle ;      ;    ;             ;
; Cut paths between unrelated clock domains                                                            ; On                 ;      ;    ;             ;
; Cut off read during write signal paths                                                               ; On                 ;      ;    ;             ;
; Cut off feedback from I/O pins                                                                       ; On                 ;      ;    ;             ;
; Report Combined Fast/Slow Timing                                                                     ; Off                ;      ;    ;             ;
; Ignore Clock Settings                                                                                ; Off                ;      ;    ;             ;
; Analyze latches as synchronous elements                                                              ; On                 ;      ;    ;             ;
; Enable Recovery/Removal analysis                                                                     ; Off                ;      ;    ;             ;
; Enable Clock Latency                                                                                 ; Off                ;      ;    ;             ;
; Use TimeQuest Timing Analyzer                                                                        ; Off                ;      ;    ;             ;
; Number of source nodes to report per destination node                                                ; 10                 ;      ;    ;             ;
; Number of destination nodes to report                                                                ; 10                 ;      ;    ;             ;
; Number of paths to report                                                                            ; 200                ;      ;    ;             ;
; Report Minimum Timing Checks                                                                         ; Off                ;      ;    ;             ;
; Use Fast Timing Models                                                                               ; Off                ;      ;    ;             ;
; Report IO Paths Separately                                                                           ; Off                ;      ;    ;             ;
; Perform Multicorner Analysis                                                                         ; On                 ;      ;    ;             ;
; Reports the worst-case path for each clock domain and analysis                                       ; Off                ;      ;    ;             ;
; Reports worst-case timing paths for each clock domain and analysis                                   ; Off                ;      ;    ;             ;
; Specifies the maximum number of worst-case timing paths to report for each clock domain and analysis ; 100                ;      ;    ;             ;
; Removes common clock path pessimism (CCPP) during slack computation                                  ; Off                ;      ;    ;             ;
; Output I/O Timing Endpoint                                                                           ; Near End           ;      ;    ;             ;
+------------------------------------------------------------------------------------------------------+--------------------+------+----+-------------+


+------------------------------------------------------------------------------------------------------------------------------------------------------------------------------------+
; Clock Settings Summary                                                                                                                                                             ;
+-----------------+--------------------+----------+------------------+---------------+--------------+----------+-----------------------+---------------------+--------+--------------+
; Clock Node Name ; Clock Setting Name ; Type     ; Fmax Requirement ; Early Latency ; Late Latency ; Based on ; Multiply Base Fmax by ; Divide Base Fmax by ; Offset ; Phase offset ;
+-----------------+--------------------+----------+------------------+---------------+--------------+----------+-----------------------+---------------------+--------+--------------+
; CLOCK           ;                    ; User Pin ; None             ; 0.000 ns      ; 0.000 ns     ; --       ; N/A                   ; N/A                 ; N/A    ;              ;
+-----------------+--------------------+----------+------------------+---------------+--------------+----------+-----------------------+---------------------+--------+--------------+


Parallel compilation was disabled, but you have multiple processors available. Enable parallel compilation to reduce compilation time.
+-------------------------------------+
; Parallel Compilation                ;
+----------------------------+--------+
; Processors                 ; Number ;
+----------------------------+--------+
; Number detected on machine ; 4      ;
; Maximum allowed            ; 1      ;
+----------------------------+--------+


+--------------------------------------------------------------------------------------------------------------------------------------------------------------------------------------------------------+
; Clock Setup: 'CLOCK'                                                                                                                                                                                   ;
+-------+------------------------------------------------+-----------------+-----------------+------------+----------+-----------------------------+---------------------------+-------------------------+
; Slack ; Actual fmax (period)                           ; From            ; To              ; From Clock ; To Clock ; Required Setup Relationship ; Required Longest P2P Time ; Actual Longest P2P Time ;
+-------+------------------------------------------------+-----------------+-----------------+------------+----------+-----------------------------+---------------------------+-------------------------+
; N/A   ; Restricted to 500.00 MHz ( period = 2.000 ns ) ; inst            ; inst2           ; CLOCK      ; CLOCK    ; None                        ; None                      ; 0.684 ns                ;
; N/A   ; Restricted to 500.00 MHz ( period = 2.000 ns ) ; inst            ; inst2~DUPLICATE ; CLOCK      ; CLOCK    ; None                        ; None                      ; 0.684 ns                ;
; N/A   ; Restricted to 500.00 MHz ( period = 2.000 ns ) ; inst2~DUPLICATE ; inst1           ; CLOCK      ; CLOCK    ; None                        ; None                      ; 0.679 ns                ;
; N/A   ; Restricted to 500.00 MHz ( period = 2.000 ns ) ; inst2           ; inst            ; CLOCK      ; CLOCK    ; None                        ; None                      ; 0.666 ns                ;
; N/A   ; Restricted to 500.00 MHz ( period = 2.000 ns ) ; inst1           ; inst2           ; CLOCK      ; CLOCK    ; None                        ; None                      ; 0.439 ns                ;
; N/A   ; Restricted to 500.00 MHz ( period = 2.000 ns ) ; inst1           ; inst2~DUPLICATE ; CLOCK      ; CLOCK    ; None                        ; None                      ; 0.438 ns                ;
; N/A   ; Restricted to 500.00 MHz ( period = 2.000 ns ) ; inst1           ; inst            ; CLOCK      ; CLOCK    ; None                        ; None                      ; 0.432 ns                ;
; N/A   ; Restricted to 500.00 MHz ( period = 2.000 ns ) ; inst            ; inst1           ; CLOCK      ; CLOCK    ; None                        ; None                      ; 0.426 ns                ;
; N/A   ; Restricted to 500.00 MHz ( period = 2.000 ns ) ; inst            ; inst            ; CLOCK      ; CLOCK    ; None                        ; None                      ; 0.396 ns                ;
; N/A   ; Restricted to 500.00 MHz ( period = 2.000 ns ) ; inst2           ; inst2           ; CLOCK      ; CLOCK    ; None                        ; None                      ; 0.396 ns                ;
; N/A   ; Restricted to 500.00 MHz ( period = 2.000 ns ) ; inst1           ; inst1           ; CLOCK      ; CLOCK    ; None                        ; None                      ; 0.396 ns                ;
; N/A   ; Restricted to 500.00 MHz ( period = 2.000 ns ) ; inst2~DUPLICATE ; inst2~DUPLICATE ; CLOCK      ; CLOCK    ; None                        ; None                      ; 0.396 ns                ;
+-------+------------------------------------------------+-----------------+-----------------+------------+----------+-----------------------------+---------------------------+-------------------------+


+------------------------------------------------------------------------+
; tsu                                                                    ;
+-------+--------------+------------+-------+-----------------+----------+
; Slack ; Required tsu ; Actual tsu ; From  ; To              ; To Clock ;
+-------+--------------+------------+-------+-----------------+----------+
; N/A   ; None         ; 3.693 ns   ; TEST2 ; inst1           ; CLOCK    ;
; N/A   ; None         ; 3.417 ns   ; TEST3 ; inst2           ; CLOCK    ;
; N/A   ; None         ; 3.417 ns   ; TEST3 ; inst2~DUPLICATE ; CLOCK    ;
; N/A   ; None         ; 2.624 ns   ; TEST1 ; inst            ; CLOCK    ;
+-------+--------------+------------+-------+-----------------+----------+


+-----------------------------------------------------------------------+
; tco                                                                   ;
+-------+--------------+------------+-----------------+----+------------+
; Slack ; Required tco ; Actual tco ; From            ; To ; From Clock ;
+-------+--------------+------------+-----------------+----+------------+
; N/A   ; None         ; 7.259 ns   ; inst1           ; DB ; CLOCK      ;
; N/A   ; None         ; 5.227 ns   ; inst            ; DA ; CLOCK      ;
; N/A   ; None         ; 5.061 ns   ; inst2~DUPLICATE ; DC ; CLOCK      ;
+-------+--------------+------------+-----------------+----+------------+


+------------------------------------------------------------------------------+
; th                                                                           ;
+---------------+-------------+-----------+-------+-----------------+----------+
; Minimum Slack ; Required th ; Actual th ; From  ; To              ; To Clock ;
+---------------+-------------+-----------+-------+-----------------+----------+
; N/A           ; None        ; -2.385 ns ; TEST1 ; inst            ; CLOCK    ;
; N/A           ; None        ; -3.178 ns ; TEST3 ; inst2           ; CLOCK    ;
; N/A           ; None        ; -3.178 ns ; TEST3 ; inst2~DUPLICATE ; CLOCK    ;
; N/A           ; None        ; -3.454 ns ; TEST2 ; inst1           ; CLOCK    ;
+---------------+-------------+-----------+-------+-----------------+----------+


+--------------------------+
; Timing Analyzer Messages ;
+--------------------------+
Info: *******************************************************************
Info: Running Quartus II Classic Timing Analyzer
    Info: Version 9.1 Build 350 03/24/2010 Service Pack 2 SJ Web Edition
    Info: Processing started: Sun Dec 18 16:13:02 2016
Info: Command: quartus_tan --read_settings_files=off --write_settings_files=off counter_with_sequence -c counter_with_sequence --timing_analysis_only
Warning: Found pins functioning as undefined clocks and/or memory enables
    Info: Assuming node "CLOCK" is an undefined clock
Info: Clock "CLOCK" Internal fmax is restricted to 500.0 MHz between source register "inst" and destination register "inst2"
    Info: fmax restricted to clock pin edge rate 2.0 ns. Expand message to see actual delay path.
        Info: + Longest register to register delay is 0.684 ns
            Info: 1: + IC(0.000 ns) + CELL(0.000 ns) = 0.000 ns; Loc. = LCFF_X37_Y2_N1; Fanout = 5; REG Node = 'inst'
            Info: 2: + IC(0.257 ns) + CELL(0.272 ns) = 0.529 ns; Loc. = LCCOMB_X37_Y2_N24; Fanout = 1; COMB Node = 'inst19'
            Info: 3: + IC(0.000 ns) + CELL(0.155 ns) = 0.684 ns; Loc. = LCFF_X37_Y2_N25; Fanout = 2; REG Node = 'inst2'
            Info: Total cell delay = 0.427 ns ( 62.43 % )
            Info: Total interconnect delay = 0.257 ns ( 37.57 % )
        Info: - Smallest clock skew is 0.000 ns
            Info: + Shortest clock path from clock "CLOCK" to destination register is 2.500 ns
                Info: 1: + IC(0.000 ns) + CELL(0.854 ns) = 0.854 ns; Loc. = PIN_N20; Fanout = 1; CLK Node = 'CLOCK'
                Info: 2: + IC(0.343 ns) + CELL(0.000 ns) = 1.197 ns; Loc. = CLKCTRL_G3; Fanout = 4; COMB Node = 'CLOCK~clkctrl'
                Info: 3: + IC(0.685 ns) + CELL(0.618 ns) = 2.500 ns; Loc. = LCFF_X37_Y2_N25; Fanout = 2; REG Node = 'inst2'
                Info: Total cell delay = 1.472 ns ( 58.88 % )
                Info: Total interconnect delay = 1.028 ns ( 41.12 % )
            Info: - Longest clock path from clock "CLOCK" to source register is 2.500 ns
                Info: 1: + IC(0.000 ns) + CELL(0.854 ns) = 0.854 ns; Loc. = PIN_N20; Fanout = 1; CLK Node = 'CLOCK'
                Info: 2: + IC(0.343 ns) + CELL(0.000 ns) = 1.197 ns; Loc. = CLKCTRL_G3; Fanout = 4; COMB Node = 'CLOCK~clkctrl'
                Info: 3: + IC(0.685 ns) + CELL(0.618 ns) = 2.500 ns; Loc. = LCFF_X37_Y2_N1; Fanout = 5; REG Node = 'inst'
                Info: Total cell delay = 1.472 ns ( 58.88 % )
                Info: Total interconnect delay = 1.028 ns ( 41.12 % )
        Info: + Micro clock to output delay of source is 0.094 ns
        Info: + Micro setup delay of destination is 0.090 ns
Info: tsu for register "inst1" (data pin = "TEST2", clock pin = "CLOCK") is 3.693 ns
    Info: + Longest pin to register delay is 6.103 ns
        Info: 1: + IC(0.000 ns) + CELL(0.837 ns) = 0.837 ns; Loc. = PIN_Y14; Fanout = 1; PIN Node = 'TEST2'
        Info: 2: + IC(4.839 ns) + CELL(0.272 ns) = 5.948 ns; Loc. = LCCOMB_X37_Y2_N4; Fanout = 1; COMB Node = 'inst18'
        Info: 3: + IC(0.000 ns) + CELL(0.155 ns) = 6.103 ns; Loc. = LCFF_X37_Y2_N5; Fanout = 5; REG Node = 'inst1'
        Info: Total cell delay = 1.264 ns ( 20.71 % )
        Info: Total interconnect delay = 4.839 ns ( 79.29 % )
    Info: + Micro setup delay of destination is 0.090 ns
    Info: - Shortest clock path from clock "CLOCK" to destination register is 2.500 ns
        Info: 1: + IC(0.000 ns) + CELL(0.854 ns) = 0.854 ns; Loc. = PIN_N20; Fanout = 1; CLK Node = 'CLOCK'
        Info: 2: + IC(0.343 ns) + CELL(0.000 ns) = 1.197 ns; Loc. = CLKCTRL_G3; Fanout = 4; COMB Node = 'CLOCK~clkctrl'
        Info: 3: + IC(0.685 ns) + CELL(0.618 ns) = 2.500 ns; Loc. = LCFF_X37_Y2_N5; Fanout = 5; REG Node = 'inst1'
        Info: Total cell delay = 1.472 ns ( 58.88 % )
        Info: Total interconnect delay = 1.028 ns ( 41.12 % )
Info: tco from clock "CLOCK" to destination pin "DB" through register "inst1" is 7.259 ns
    Info: + Longest clock path from clock "CLOCK" to source register is 2.500 ns
        Info: 1: + IC(0.000 ns) + CELL(0.854 ns) = 0.854 ns; Loc. = PIN_N20; Fanout = 1; CLK Node = 'CLOCK'
        Info: 2: + IC(0.343 ns) + CELL(0.000 ns) = 1.197 ns; Loc. = CLKCTRL_G3; Fanout = 4; COMB Node = 'CLOCK~clkctrl'
        Info: 3: + IC(0.685 ns) + CELL(0.618 ns) = 2.500 ns; Loc. = LCFF_X37_Y2_N5; Fanout = 5; REG Node = 'inst1'
        Info: Total cell delay = 1.472 ns ( 58.88 % )
        Info: Total interconnect delay = 1.028 ns ( 41.12 % )
    Info: + Micro clock to output delay of source is 0.094 ns
    Info: + Longest register to pin delay is 4.665 ns
        Info: 1: + IC(0.000 ns) + CELL(0.000 ns) = 0.000 ns; Loc. = LCFF_X37_Y2_N5; Fanout = 5; REG Node = 'inst1'
        Info: 2: + IC(2.733 ns) + CELL(1.932 ns) = 4.665 ns; Loc. = PIN_H9; Fanout = 0; PIN Node = 'DB'
        Info: Total cell delay = 1.932 ns ( 41.41 % )
        Info: Total interconnect delay = 2.733 ns ( 58.59 % )
Info: th for register "inst" (data pin = "TEST1", clock pin = "CLOCK") is -2.385 ns
    Info: + Longest clock path from clock "CLOCK" to destination register is 2.500 ns
        Info: 1: + IC(0.000 ns) + CELL(0.854 ns) = 0.854 ns; Loc. = PIN_N20; Fanout = 1; CLK Node = 'CLOCK'
        Info: 2: + IC(0.343 ns) + CELL(0.000 ns) = 1.197 ns; Loc. = CLKCTRL_G3; Fanout = 4; COMB Node = 'CLOCK~clkctrl'
        Info: 3: + IC(0.685 ns) + CELL(0.618 ns) = 2.500 ns; Loc. = LCFF_X37_Y2_N1; Fanout = 5; REG Node = 'inst'
        Info: Total cell delay = 1.472 ns ( 58.88 % )
        Info: Total interconnect delay = 1.028 ns ( 41.12 % )
    Info: + Micro hold delay of destination is 0.149 ns
    Info: - Shortest pin to register delay is 5.034 ns
        Info: 1: + IC(0.000 ns) + CELL(0.827 ns) = 0.827 ns; Loc. = PIN_U6; Fanout = 1; PIN Node = 'TEST1'
        Info: 2: + IC(3.780 ns) + CELL(0.272 ns) = 4.879 ns; Loc. = LCCOMB_X37_Y2_N0; Fanout = 1; COMB Node = 'inst10'
        Info: 3: + IC(0.000 ns) + CELL(0.155 ns) = 5.034 ns; Loc. = LCFF_X37_Y2_N1; Fanout = 5; REG Node = 'inst'
        Info: Total cell delay = 1.254 ns ( 24.91 % )
        Info: Total interconnect delay = 3.780 ns ( 75.09 % )
Info: Quartus II Classic Timing Analyzer was successful. 0 errors, 1 warning
    Info: Peak virtual memory: 172 megabytes
    Info: Processing ended: Sun Dec 18 16:13:02 2016
    Info: Elapsed time: 00:00:00
    Info: Total CPU time (on all processors): 00:00:00


